<?xml version="1.0" encoding="UTF-8"?>
<!-- Generated by org.testng.reporters.JUnitXMLReporter -->
<testsuite hostname="VTTV" ignored="0" name="Run on chrome" tests="4" failures="1" timestamp="28 Jun 2021 15:35:17 GMT" time="36.057" errors="0">
  <testcase name="Login_01_Valid_Email_Password" time="11.653" classname="com.wordpress.posts.Level_11_Login_Element_Undisplay"/>
  <testcase name="Login_02_Element_Displayed" time="3.37" classname="com.wordpress.posts.Level_11_Login_Element_Undisplay"/>
  <testcase name="Login_03_Element_Undisplayed_In_DOM" time="2.222" classname="com.wordpress.posts.Level_11_Login_Element_Undisplay"/>
  <testcase name="Login_04_Element_Undisplayed_Without_DOM" time="3.101" classname="com.wordpress.posts.Level_11_Login_Element_Undisplay">
    <failure type="java.lang.AssertionError" message="expected [false] but found [true]">
      <![CDATA[java.lang.AssertionError: expected [false] but found [true]
at com.wordpress.posts.Level_11_Login_Element_Undisplay.Login_04_Element_Undisplayed_Without_DOM(Level_11_Login_Element_Undisplay.java:54)
... Removed 29 stack frames]]>
    </failure>
  </testcase> <!-- Login_04_Element_Undisplayed_Without_DOM -->
</testsuite> <!-- Run on chrome -->
