<?xml version="1.0" encoding="UTF-8"?>
<testng-results skipped="0" failed="1" ignored="0" total="5" passed="4">
  <reporter-output>
    <line>
      <![CDATA[[INFO ] [2021-07-28 23:40:27,300] Register - Step 1: Click on Register link
]]>
    </line>
    <line>
      <![CDATA[[INFO ] [2021-07-28 23:40:28,486] Register - Step 2: Input to first name with value: first name
]]>
    </line>
    <line>
      <![CDATA[[INFO ] [2021-07-28 23:40:28,593] Register - Step 3: Input to last name with value: last name
]]>
    </line>
    <line>
      <![CDATA[[INFO ] [2021-07-28 23:40:28,705] Register - Step 4: Input to email with value: test1279@mailnesia.com
]]>
    </line>
    <line>
      <![CDATA[[INFO ] [2021-07-28 23:40:28,836] Register - Step 5: Input to passWord with value: test1234
]]>
    </line>
    <line>
      <![CDATA[[INFO ] [2021-07-28 23:40:28,956] Register - Step 6: Input to comfirm passWord with value: test1234
]]>
    </line>
    <line>
      <![CDATA[[INFO ] [2021-07-28 23:40:29,073] Register - Step 7: Click on Register button
]]>
    </line>
    <line>
      <![CDATA[[INFO ] [2021-07-28 23:40:30,059] Register - Step 8: Verify success message display
]]>
    </line>
    <line>
      <![CDATA[[INFO ] [2021-07-28 23:40:30,114] Register - Step 7: Click on logout link
]]>
    </line>
  </reporter-output>
  <suite name="Suite" duration-ms="15226" started-at="2021-07-28T16:40:21Z" finished-at="2021-07-28T16:40:37Z">
    <groups>
    </groups>
    <test name="Run on chrome" duration-ms="15226" started-at="2021-07-28T16:40:21Z" finished-at="2021-07-28T16:40:37Z">
      <class name="com.nopcommerce.user.Level_14_Login_Page_Allure_Report">
        <test-method status="PASS" signature="beforeClass()[pri:0, instance:com.nopcommerce.user.Level_14_Login_Page_Allure_Report@3d526ad9]" name="beforeClass" is-config="true" duration-ms="5379" started-at="2021-07-28T16:40:21Z" finished-at="2021-07-28T16:40:27Z">
          <reporter-output>
          </reporter-output>
        </test-method> <!-- beforeClass -->
        <test-method status="PASS" signature="User_01_Register_To_System()[pri:0, instance:com.nopcommerce.user.Level_14_Login_Page_Allure_Report@3d526ad9]" name="User_01_Register_To_System" duration-ms="3741" started-at="2021-07-28T16:40:27Z" finished-at="2021-07-28T16:40:31Z">
          <reporter-output>
            <line>
              <![CDATA[[INFO ] [2021-07-28 23:40:27,300] Register - Step 1: Click on Register link
]]>
            </line>
            <line>
              <![CDATA[[INFO ] [2021-07-28 23:40:28,486] Register - Step 2: Input to first name with value: first name
]]>
            </line>
            <line>
              <![CDATA[[INFO ] [2021-07-28 23:40:28,593] Register - Step 3: Input to last name with value: last name
]]>
            </line>
            <line>
              <![CDATA[[INFO ] [2021-07-28 23:40:28,705] Register - Step 4: Input to email with value: test1279@mailnesia.com
]]>
            </line>
            <line>
              <![CDATA[[INFO ] [2021-07-28 23:40:28,836] Register - Step 5: Input to passWord with value: test1234
]]>
            </line>
            <line>
              <![CDATA[[INFO ] [2021-07-28 23:40:28,956] Register - Step 6: Input to comfirm passWord with value: test1234
]]>
            </line>
            <line>
              <![CDATA[[INFO ] [2021-07-28 23:40:29,073] Register - Step 7: Click on Register button
]]>
            </line>
            <line>
              <![CDATA[[INFO ] [2021-07-28 23:40:30,059] Register - Step 8: Verify success message display
]]>
            </line>
            <line>
              <![CDATA[[INFO ] [2021-07-28 23:40:30,114] Register - Step 7: Click on logout link
]]>
            </line>
          </reporter-output>
        </test-method> <!-- User_01_Register_To_System -->
        <test-method status="FAIL" signature="User_02_Login_To_System()[pri:0, instance:com.nopcommerce.user.Level_14_Login_Page_Allure_Report@3d526ad9]" name="User_02_Login_To_System" duration-ms="1740" started-at="2021-07-28T16:40:31Z" finished-at="2021-07-28T16:40:32Z">
          <exception class="java.lang.AssertionError">
            <message>
              <![CDATA[expected [false] but found [true]]]>
            </message>
            <full-stacktrace>
              <![CDATA[java.lang.AssertionError: expected [false] but found [true]
at org.testng.Assert.fail(Assert.java:96)
at org.testng.Assert.failNotEquals(Assert.java:776)
at org.testng.Assert.assertFalse(Assert.java:65)
at org.testng.Assert.assertFalse(Assert.java:75)
at com.nopcommerce.user.Level_14_Login_Page_Allure_Report.User_02_Login_To_System(Level_14_Login_Page_Allure_Report.java:76)
at sun.reflect.NativeMethodAccessorImpl.invoke0(Native Method)
at sun.reflect.NativeMethodAccessorImpl.invoke(Unknown Source)
at sun.reflect.DelegatingMethodAccessorImpl.invoke(Unknown Source)
at java.lang.reflect.Method.invoke(Unknown Source)
at org.testng.internal.MethodInvocationHelper.invokeMethod(MethodInvocationHelper.java:124)
at org.testng.internal.Invoker.invokeMethod(Invoker.java:583)
at org.testng.internal.Invoker.invokeTestMethod(Invoker.java:719)
at org.testng.internal.Invoker.invokeTestMethods(Invoker.java:989)
at org.testng.internal.TestMethodWorker.invokeTestMethods(TestMethodWorker.java:125)
at org.testng.internal.TestMethodWorker.run(TestMethodWorker.java:109)
at org.testng.TestRunner.privateRun(TestRunner.java:648)
at org.testng.TestRunner.run(TestRunner.java:505)
at org.testng.SuiteRunner.runTest(SuiteRunner.java:455)
at org.testng.SuiteRunner.runSequentially(SuiteRunner.java:450)
at org.testng.SuiteRunner.privateRun(SuiteRunner.java:415)
at org.testng.SuiteRunner.run(SuiteRunner.java:364)
at org.testng.SuiteRunnerWorker.runSuite(SuiteRunnerWorker.java:52)
at org.testng.SuiteRunnerWorker.run(SuiteRunnerWorker.java:84)
at org.testng.TestNG.runSuitesSequentially(TestNG.java:1208)
at org.testng.TestNG.runSuitesLocally(TestNG.java:1137)
at org.testng.TestNG.runSuites(TestNG.java:1049)
at org.testng.TestNG.run(TestNG.java:1017)
at org.testng.TestNG.privateMain(TestNG.java:1354)
at org.testng.TestNG.main(TestNG.java:1323)
]]>
            </full-stacktrace>
          </exception> <!-- java.lang.AssertionError -->
          <reporter-output>
          </reporter-output>
        </test-method> <!-- User_02_Login_To_System -->
        <test-method status="PASS" signature="User_03_Customer_Info_Page()[pri:0, instance:com.nopcommerce.user.Level_14_Login_Page_Allure_Report@3d526ad9]" name="User_03_Customer_Info_Page" duration-ms="744" started-at="2021-07-28T16:40:33Z" finished-at="2021-07-28T16:40:33Z">
          <reporter-output>
          </reporter-output>
        </test-method> <!-- User_03_Customer_Info_Page -->
        <test-method status="PASS" signature="User_04_Dynamic_Page_Locator()[pri:0, instance:com.nopcommerce.user.Level_14_Login_Page_Allure_Report@3d526ad9]" name="User_04_Dynamic_Page_Locator" duration-ms="1723" started-at="2021-07-28T16:40:33Z" finished-at="2021-07-28T16:40:35Z">
          <reporter-output>
          </reporter-output>
        </test-method> <!-- User_04_Dynamic_Page_Locator -->
        <test-method status="PASS" signature="User_05_Dynamic_More_Page_Locator()[pri:0, instance:com.nopcommerce.user.Level_14_Login_Page_Allure_Report@3d526ad9]" name="User_05_Dynamic_More_Page_Locator" duration-ms="1511" started-at="2021-07-28T16:40:35Z" finished-at="2021-07-28T16:40:37Z">
          <reporter-output>
          </reporter-output>
        </test-method> <!-- User_05_Dynamic_More_Page_Locator -->
      </class> <!-- com.nopcommerce.user.Level_14_Login_Page_Allure_Report -->
    </test> <!-- Run on chrome -->
  </suite> <!-- Suite -->
</testng-results>
